<?xml version="1.0" encoding="UTF-8"?>
<testsuite xmlns:xsi="http://www.w3.org/2001/XMLSchema-instance" xsi:noNamespaceSchemaLocation="https://maven.apache.org/surefire/maven-surefire-plugin/xsd/surefire-test-report-3.0.xsd" version="3.0" name="TestPlan" time="2.129" tests="1" errors="0" skipped="0" failures="1">
  <properties>
[...]
</properties>
  <testcase name="openClusterPage" classname="TestPlan" time="0.249">
    <failure message="unknown error: net::ERR_CONNECTION_REFUSED&#10;  (Session info: headless chrome=92.0.4515.107)&#10;Build info: version: &apos;4.0.0-beta-4&apos;, revision: &apos;29f46d02dd&apos;&#10;System info: host: &apos;Oguzs-MacBook-Air.local&apos;, ip: &apos;fe80:0:0:0:8ee:b8cf:18f0:7a40%en0&apos;, os.name: &apos;Mac OS X&apos;, os.arch: &apos;aarch64&apos;, os.version: &apos;11.3.1&apos;, java.version: &apos;17&apos;&#10;Driver info: org.openqa.selenium.chrome.ChromeDriver&#10;Command: [0564318f3151a1cd465e1d2d8e5d55fb, get {url=http://localhost:8080}]&#10;Capabilities {acceptInsecureCerts: false, browserName: chrome, browserVersion: 92.0.4515.107, chrome: {chromedriverVersion: 91.0.4472.101 (af52a90bf870..., userDataDir: /var/folders/mq/28dq8g9d0vd...}, goog:chromeOptions: {debuggerAddress: localhost:65042}, javascriptEnabled: true, networkConnectionEnabled: false, pageLoadStrategy: normal, platform: MAC, platformName: MAC, proxy: Proxy(), se:cdp: ws://localhost:65042/devtoo..., se:cdpVersion: 92.0.4515.107, setWindowRect: true, strictFileInteractability: false, timeouts: {implicit: 0, pageLoad: 300000, script: 30000}, unhandledPromptBehavior: dismiss and notify, webauthn:extension:largeBlob: true, webauthn:virtualAuthenticators: true}&#10;Session ID: 0564318f3151a1cd465e1d2d8e5d55fb" type="org.openqa.selenium.WebDriverException"><![CDATA[org.openqa.selenium.WebDriverException: 
unknown error: net::ERR_CONNECTION_REFUSED
  (Session info: headless chrome=92.0.4515.107)
Build info: version: '4.0.0-beta-4', revision: '29f46d02dd'
System info: host: 'Oguzs-MacBook-Air.local', ip: 'fe80:0:0:0:8ee:b8cf:18f0:7a40%en0', os.name: 'Mac OS X', os.arch: 'aarch64', os.version: '11.3.1', java.version: '17'
Driver info: org.openqa.selenium.chrome.ChromeDriver
Command: [0564318f3151a1cd465e1d2d8e5d55fb, get {url=http://localhost:8080}]
Capabilities {acceptInsecureCerts: false, browserName: chrome, browserVersion: 92.0.4515.107, chrome: {chromedriverVersion: 91.0.4472.101 (af52a90bf870..., userDataDir: /var/folders/mq/28dq8g9d0vd...}, goog:chromeOptions: {debuggerAddress: localhost:65042}, javascriptEnabled: true, networkConnectionEnabled: false, pageLoadStrategy: normal, platform: MAC, platformName: MAC, proxy: Proxy(), se:cdp: ws://localhost:65042/devtoo..., se:cdpVersion: 92.0.4515.107, setWindowRect: true, strictFileInteractability: false, timeouts: {implicit: 0, pageLoad: 300000, script: 30000}, unhandledPromptBehavior: dismiss and notify, webauthn:extension:largeBlob: true, webauthn:virtualAuthenticators: true}
Session ID: 0564318f3151a1cd465e1d2d8e5d55fb
	at TestPlan.openClusterPage(TestPlan.java:40)
]]></failure>
    <system-out><![CDATA[[Configuration] [WARN] Detected a static method [TestPlan.cleanUp()]. Static configuration methods can cause  unexpected behavior.
[Configuration] [WARN] Detected a static method [TestPlan.setUp()]. Static configuration methods can cause  unexpected behavior.
]]></system-out>
    <system-err><![CDATA[SLF4J: Failed to load class "org.slf4j.impl.StaticLoggerBinder".
SLF4J: Defaulting to no-operation (NOP) logger implementation
SLF4J: See http://www.slf4j.org/codes.html#StaticLoggerBinder for further details.
Starting ChromeDriver 91.0.4472.101 (af52a90bf87030dd1523486a1cd3ae25c5d76c9b-refs/branch-heads/4472@{#1462}) on port 17178
Only local connections are allowed.
Please see https://chromedriver.chromium.org/security-considerations for suggestions on keeping ChromeDriver safe.
ChromeDriver was started successfully.
[1627292514.127][WARNING]: This version of ChromeDriver has not been tested with Chrome version 92.
Jul 26, 2021 12:41:54 PM org.openqa.selenium.remote.ProtocolHandshake createSession
INFO: Detected dialect: W3C
Jul 26, 2021 12:41:54 PM org.openqa.selenium.devtools.CdpVersionFinder findNearestMatch
WARNING: Unable to find an exact match for CDP version 92, so returning the closest version found: 91
Jul 26, 2021 12:41:54 PM org.openqa.selenium.devtools.CdpVersionFinder findNearestMatch
INFO: Found CDP implementation for version 92 of 91
]]></system-err>
  </testcase>
</testsuite>