<?xml version="1.0" encoding="UTF-8"?>
<testng-results ignored="0" total="1" passed="1" failed="0" skipped="0">
  <reporter-output>
  </reporter-output>
  <suite started-at="2021-07-14T18:37:45 TRT" name="TestPlan" finished-at="2021-07-14T18:37:55 TRT" duration-ms="9920">
    <groups>
    </groups>
    <test started-at="2021-07-14T18:37:45 TRT" name="Command line test" finished-at="2021-07-14T18:37:55 TRT" duration-ms="9920">
      <class name="TestPlan">
        <test-method signature="openClusterPage()[pri:0, instance:TestPlan@6dd93a21]" started-at="2021-07-14T18:37:45 TRT" name="openClusterPage" finished-at="2021-07-14T18:37:55 TRT" duration-ms="9909" status="PASS">
          <reporter-output>
          </reporter-output>
        </test-method> <!-- openClusterPage -->
        <test-method is-config="true" signature="cleanUp()[pri:0, instance:TestPlan@6dd93a21]" started-at="2021-07-14T18:37:55 TRT" name="cleanUp" finished-at="2021-07-14T18:37:56 TRT" duration-ms="140" status="PASS">
          <reporter-output>
          </reporter-output>
        </test-method> <!-- cleanUp -->
      </class> <!-- TestPlan -->
    </test> <!-- Command line test -->
  </suite> <!-- TestPlan -->
</testng-results>
